Performing C++ SOURCE FILE Test CMAKE_HAVE_LIBC_PTHREAD failed with the following output:
Change Dir: /home/smhan/Documents/HE_searchable/CMakeFiles/CMakeScratch/TryCompile-RA6Twa

Run Build Command(s):/usr/bin/make -f Makefile cmTC_51627/fast && /usr/bin/make  -f CMakeFiles/cmTC_51627.dir/build.make CMakeFiles/cmTC_51627.dir/build
make[1]: Entering directory '/home/smhan/Documents/HE_searchable/CMakeFiles/CMakeScratch/TryCompile-RA6Twa'
Building CXX object CMakeFiles/cmTC_51627.dir/src.cxx.o
/usr/bin/c++ -DCMAKE_HAVE_LIBC_PTHREAD  -std=c++1z -o CMakeFiles/cmTC_51627.dir/src.cxx.o -c /home/smhan/Documents/HE_searchable/CMakeFiles/CMakeScratch/TryCompile-RA6Twa/src.cxx
Linking CXX executable cmTC_51627
/usr/bin/cmake -E cmake_link_script CMakeFiles/cmTC_51627.dir/link.txt --verbose=1
/usr/bin/c++ CMakeFiles/cmTC_51627.dir/src.cxx.o -o cmTC_51627 
CMakeFiles/cmTC_51627.dir/src.cxx.o: In function `main':
src.cxx:(.text+0x3e): undefined reference to `pthread_create'
src.cxx:(.text+0x4a): undefined reference to `pthread_detach'
src.cxx:(.text+0x56): undefined reference to `pthread_cancel'
src.cxx:(.text+0x67): undefined reference to `pthread_join'
src.cxx:(.text+0x7b): undefined reference to `pthread_atfork'
collect2: error: ld returned 1 exit status
CMakeFiles/cmTC_51627.dir/build.make:98: recipe for target 'cmTC_51627' failed
make[1]: *** [cmTC_51627] Error 1
make[1]: Leaving directory '/home/smhan/Documents/HE_searchable/CMakeFiles/CMakeScratch/TryCompile-RA6Twa'
Makefile:127: recipe for target 'cmTC_51627/fast' failed
make: *** [cmTC_51627/fast] Error 2


Source file was:
#include <pthread.h>

static void* test_func(void* data)
{
  return data;
}

int main(void)
{
  pthread_t thread;
  pthread_create(&thread, NULL, test_func, NULL);
  pthread_detach(thread);
  pthread_cancel(thread);
  pthread_join(thread, NULL);
  pthread_atfork(NULL, NULL, NULL);
  pthread_exit(NULL);

  return 0;
}


Determining if the function pthread_create exists in the pthreads failed with the following output:
Change Dir: /home/smhan/Documents/HE_searchable/CMakeFiles/CMakeScratch/TryCompile-Ov022v

Run Build Command(s):/usr/bin/make -f Makefile cmTC_5bf5f/fast && /usr/bin/make  -f CMakeFiles/cmTC_5bf5f.dir/build.make CMakeFiles/cmTC_5bf5f.dir/build
make[1]: Entering directory '/home/smhan/Documents/HE_searchable/CMakeFiles/CMakeScratch/TryCompile-Ov022v'
Building CXX object CMakeFiles/cmTC_5bf5f.dir/CheckFunctionExists.cxx.o
/usr/bin/c++   -DCHECK_FUNCTION_EXISTS=pthread_create -std=c++1z -o CMakeFiles/cmTC_5bf5f.dir/CheckFunctionExists.cxx.o -c /home/smhan/Documents/HE_searchable/CMakeFiles/CMakeScratch/TryCompile-Ov022v/CheckFunctionExists.cxx
Linking CXX executable cmTC_5bf5f
/usr/bin/cmake -E cmake_link_script CMakeFiles/cmTC_5bf5f.dir/link.txt --verbose=1
/usr/bin/c++  -DCHECK_FUNCTION_EXISTS=pthread_create CMakeFiles/cmTC_5bf5f.dir/CheckFunctionExists.cxx.o -o cmTC_5bf5f  -lpthreads 
/usr/bin/ld: cannot find -lpthreads
collect2: error: ld returned 1 exit status
CMakeFiles/cmTC_5bf5f.dir/build.make:98: recipe for target 'cmTC_5bf5f' failed
make[1]: *** [cmTC_5bf5f] Error 1
make[1]: Leaving directory '/home/smhan/Documents/HE_searchable/CMakeFiles/CMakeScratch/TryCompile-Ov022v'
Makefile:127: recipe for target 'cmTC_5bf5f/fast' failed
make: *** [cmTC_5bf5f/fast] Error 2



